TN:
SF:/Users/wanbenyu/Workspace/MyProj/ashen-blog/client/test/unit/index.js
FNF:0
FNH:0
DA:3,1
DA:6,1
DA:7,1
DA:12,1
DA:13,1
LF:5
LH:5
BRF:0
BRH:0
end_of_record
TN:
SF:/Users/wanbenyu/Workspace/MyProj/ashen-blog/client/test/unit/specs/ArticleList.spec.js
FN:9,(anonymous_0)
FN:10,(anonymous_1)
FNF:2
FNH:2
FNDA:1,(anonymous_0)
FNDA:1,(anonymous_1)
DA:9,1
DA:10,1
DA:11,1
DA:12,1
DA:13,1
LF:5
LH:5
BRF:0
BRH:0
end_of_record
TN:
SF:/Users/wanbenyu/Workspace/MyProj/ashen-blog/client/src/components/ArticleList.vue
FN:48,(anonymous_0)
FN:58,(anonymous_1)
FN:77,(anonymous_2)
FN:86,(anonymous_3)
FNF:4
FNH:0
FNDA:0,(anonymous_0)
FNDA:0,(anonymous_1)
FNDA:0,(anonymous_2)
FNDA:0,(anonymous_3)
DA:36,1
DA:39,1
DA:46,1
DA:47,0
DA:49,0
DA:50,0
DA:51,0
DA:52,0
DA:53,0
DA:55,0
DA:56,0
DA:58,0
DA:63,0
DA:64,0
DA:68,0
DA:69,0
DA:74,0
DA:75,0
DA:76,0
DA:78,0
DA:79,0
DA:80,0
DA:81,0
DA:82,0
DA:84,0
DA:86,0
DA:88,0
LF:27
LH:3
BRDA:63,0,0,0
BRDA:63,0,1,0
BRDA:68,1,0,0
BRDA:68,1,1,0
BRDA:74,2,0,0
BRDA:74,2,1,0
BRF:6
BRH:0
end_of_record
TN:
SF:/Users/wanbenyu/Workspace/MyProj/ashen-blog/client/src/utils/parseMarkdown.js
FN:23,(anonymous_0)
FNF:1
FNH:0
FNDA:0,(anonymous_0)
DA:9,1
DA:19,0
DA:24,0
LF:3
LH:1
BRF:0
BRH:0
end_of_record
TN:
SF:/Users/wanbenyu/Workspace/MyProj/ashen-blog/client/src/App.vue
FNF:0
FNH:0
DA:25,0
DA:31,0
LF:2
LH:0
BRF:0
BRH:0
end_of_record
TN:
SF:/Users/wanbenyu/Workspace/MyProj/ashen-blog/client/src/components/common/HeaderNav.vue
FNF:0
FNH:0
DA:64,0
DA:70,0
DA:73,0
DA:74,0
DA:76,0
DA:77,0
DA:79,0
DA:80,0
DA:82,0
DA:83,0
DA:85,0
DA:86,0
DA:88,0
DA:89,0
DA:91,0
DA:97,0
LF:16
LH:0
BRDA:74,0,0,0
BRDA:74,0,1,0
BRDA:74,0,2,0
BRDA:74,0,3,0
BRDA:74,0,4,0
BRDA:74,0,5,0
BRF:6
BRH:0
end_of_record
TN:
SF:/Users/wanbenyu/Workspace/MyProj/ashen-blog/client/src/components/About.vue
FN:24,(anonymous_0)
FN:25,(anonymous_1)
FNF:2
FNH:0
FNDA:0,(anonymous_0)
FNDA:0,(anonymous_1)
DA:18,0
DA:23,0
DA:24,0
DA:25,0
LF:4
LH:0
BRF:0
BRH:0
end_of_record
TN:
SF:/Users/wanbenyu/Workspace/MyProj/ashen-blog/client/src/components/Archive.vue
FN:37,(anonymous_0)
FN:48,(anonymous_1)
FNF:2
FNH:0
FNDA:0,(anonymous_0)
FNDA:0,(anonymous_1)
DA:27,1
DA:30,0
DA:36,0
DA:38,0
DA:39,0
DA:40,0
DA:41,0
DA:42,0
DA:44,0
DA:45,0
DA:48,0
LF:11
LH:1
BRDA:40,0,0,0
BRDA:40,0,1,0
BRF:2
BRH:0
end_of_record
TN:
SF:/Users/wanbenyu/Workspace/MyProj/ashen-blog/client/src/components/Article.vue
FN:37,(anonymous_0)
FN:44,(anonymous_1)
FNF:2
FNH:0
FNDA:0,(anonymous_0)
FNDA:0,(anonymous_1)
DA:24,1
DA:27,0
DA:35,0
DA:36,0
DA:38,0
DA:39,0
DA:40,0
DA:41,0
DA:42,0
DA:44,0
LF:10
LH:1
BRDA:42,0,0,0
BRDA:42,0,1,0
BRF:2
BRH:0
end_of_record
TN:
SF:/Users/wanbenyu/Workspace/MyProj/ashen-blog/client/src/components/ReadingList.vue
FN:40,(anonymous_0)
FN:43,(anonymous_1)
FNF:2
FNH:0
FNDA:0,(anonymous_0)
FNDA:0,(anonymous_1)
DA:34,0
DA:39,0
DA:41,0
DA:43,0
LF:4
LH:0
BRF:0
BRH:0
end_of_record
TN:
SF:/Users/wanbenyu/Workspace/MyProj/ashen-blog/client/src/components/common/Star.vue
FNF:0
FNH:0
DA:17,0
DA:18,0
DA:19,0
DA:20,0
DA:21,0
DA:22,0
DA:24,0
DA:25,0
DA:27,0
DA:28,0
DA:30,0
LF:11
LH:0
BRDA:24,0,0,0
BRDA:24,0,1,0
BRF:2
BRH:0
end_of_record
TN:
SF:/Users/wanbenyu/Workspace/MyProj/ashen-blog/client/src/components/Tag.vue
FN:43,(anonymous_0)
FN:56,(anonymous_1)
FNF:2
FNH:0
FNDA:0,(anonymous_0)
FNDA:0,(anonymous_1)
DA:33,1
DA:36,0
DA:42,0
DA:44,0
DA:45,0
DA:46,0
DA:47,0
DA:48,0
DA:49,0
DA:50,0
DA:52,0
DA:56,0
DA:60,0
DA:61,0
DA:62,0
DA:63,0
DA:66,0
DA:67,0
LF:18
LH:1
BRDA:45,0,0,0
BRDA:45,0,1,0
BRDA:48,1,0,0
BRDA:48,1,1,0
BRDA:61,2,0,0
BRDA:61,2,1,0
BRF:6
BRH:0
end_of_record
TN:
SF:/Users/wanbenyu/Workspace/MyProj/ashen-blog/client/src/router/index.js
FN:63,(anonymous_0)
FNF:1
FNH:0
FNDA:0,(anonymous_0)
DA:23,1
DA:25,1
DA:63,1
DA:64,0
DA:65,0
DA:66,0
LF:6
LH:3
BRF:0
BRH:0
end_of_record
